# JRE version: OpenJDK Runtime Environment (21.0.4) (build 21.0.4+-12508038-b607.1)
# Java VM: OpenJDK 64-Bit Server VM (21.0.4+-12508038-b607.1, mixed mode, tiered, compressed oops, compressed class ptrs, g1 gc, windows-amd64)
GC Precious Log:
 CardTable entry size: 512
 Card Set container configuration: InlinePtr #cards 5 size 8 Array Of Cards #cards 12 size 40 Howl #buckets 4 coarsen threshold 1843 Howl Bitmap #cards 512 size 80 coarsen threshold 460 Card regions per heap region 1 cards per card region 2048
 CPUs: 8 total, 8 available
 Memory: 16064M
 Large Page Support: Disabled
 NUMA Support: Disabled
 Compressed Oops: Enabled (32-bit)
 Heap Region Size: 1M
 Heap Min Capacity: 8M
 Heap Initial Capacity: 252M
 Heap Max Capacity: 2G
 Pre-touch: Disabled
 Parallel Workers: 8
 Concurrent Workers: 2
 Concurrent Refinement Workers: 8
 Periodic GC: Disabled
Heap:
 garbage-first heap   total 91136K, used 65844K [0x0000000080000000, 0x0000000100000000)
  region size 1024K, 34 young (34816K), 6 survivors (6144K)
 Metaspace       used 52890K, committed 54400K, reserved 1114112K
  class space    used 7119K, committed 7872K, reserved 1048576K
GC Heap History (20 events):
Event: 0.417 GC heap before
{Heap before GC invocations=0 (full 0):
 garbage-first heap   total 258048K, used 22528K [0x0000000080000000, 0x0000000100000000)
  region size 1024K, 23 young (23552K), 0 survivors (0K)
 Metaspace       used 7988K, committed 8128K, reserved 1114112K
  class space    used 709K, committed 768K, reserved 1048576K
}
Event: 0.421 GC heap after
{Heap after GC invocations=1 (full 0):
 garbage-first heap   total 258048K, used 4778K [0x0000000080000000, 0x0000000100000000)
  region size 1024K, 3 young (3072K), 3 survivors (3072K)
 Metaspace       used 7988K, committed 8128K, reserved 1114112K
  class space    used 709K, committed 768K, reserved 1048576K
}
Event: 0.942 GC heap before
{Heap before GC invocations=1 (full 0):
 garbage-first heap   total 258048K, used 41642K [0x0000000080000000, 0x0000000100000000)
  region size 1024K, 35 young (35840K), 3 survivors (3072K)
 Metaspace       used 12109K, committed 12352K, reserved 1114112K
  class space    used 1273K, committed 1408K, reserved 1048576K
}
Event: 0.946 GC heap after
{Heap after GC invocations=2 (full 0):
 garbage-first heap   total 258048K, used 11946K [0x0000000080000000, 0x0000000100000000)
  region size 1024K, 3 young (3072K), 3 survivors (3072K)
 Metaspace       used 12109K, committed 12352K, reserved 1114112K
  class space    used 1273K, committed 1408K, reserved 1048576K
}
Event: 1.411 GC heap before
{Heap before GC invocations=2 (full 0):
 garbage-first heap   total 258048K, used 60074K [0x0000000080000000, 0x0000000100000000)
  region size 1024K, 48 young (49152K), 3 survivors (3072K)
 Metaspace       used 14712K, committed 14912K, reserved 1114112K
  class space    used 1599K, committed 1664K, reserved 1048576K
}
Event: 1.415 GC heap after
{Heap after GC invocations=3 (full 0):
 garbage-first heap   total 258048K, used 18693K [0x0000000080000000, 0x0000000100000000)
  region size 1024K, 6 young (6144K), 6 survivors (6144K)
 Metaspace       used 14712K, committed 14912K, reserved 1114112K
  class space    used 1599K, committed 1664K, reserved 1048576K
}
Event: 1.894 GC heap before
{Heap before GC invocations=3 (full 0):
 garbage-first heap   total 258048K, used 40197K [0x0000000080000000, 0x0000000100000000)
  region size 1024K, 28 young (28672K), 6 survivors (6144K)
 Metaspace       used 21151K, committed 21504K, reserved 1114112K
  class space    used 2440K, committed 2624K, reserved 1048576K
}
Event: 1.897 GC heap after
{Heap after GC invocations=4 (full 0):
 garbage-first heap   total 258048K, used 21344K [0x0000000080000000, 0x0000000100000000)
  region size 1024K, 9 young (9216K), 9 survivors (9216K)
 Metaspace       used 21151K, committed 21504K, reserved 1114112K
  class space    used 2440K, committed 2624K, reserved 1048576K
}
Event: 2.468 GC heap before
{Heap before GC invocations=5 (full 0):
 garbage-first heap   total 75776K, used 56160K [0x0000000080000000, 0x0000000100000000)
  region size 1024K, 44 young (45056K), 9 survivors (9216K)
 Metaspace       used 27469K, committed 28032K, reserved 1114112K
  class space    used 3413K, committed 3648K, reserved 1048576K
}
Event: 2.474 GC heap after
{Heap after GC invocations=6 (full 0):
 garbage-first heap   total 75776K, used 22884K [0x0000000080000000, 0x0000000100000000)
  region size 1024K, 5 young (5120K), 5 survivors (5120K)
 Metaspace       used 27469K, committed 28032K, reserved 1114112K
  class space    used 3413K, committed 3648K, reserved 1048576K
}
Event: 3.122 GC heap before
{Heap before GC invocations=6 (full 0):
 garbage-first heap   total 75776K, used 59748K [0x0000000080000000, 0x0000000100000000)
  region size 1024K, 42 young (43008K), 5 survivors (5120K)
 Metaspace       used 32480K, committed 33216K, reserved 1114112K
  class space    used 4255K, committed 4608K, reserved 1048576K
}
Event: 3.126 GC heap after
{Heap after GC invocations=7 (full 0):
 garbage-first heap   total 75776K, used 25649K [0x0000000080000000, 0x0000000100000000)
  region size 1024K, 5 young (5120K), 5 survivors (5120K)
 Metaspace       used 32480K, committed 33216K, reserved 1114112K
  class space    used 4255K, committed 4608K, reserved 1048576K
}
Event: 3.365 GC heap before
{Heap before GC invocations=7 (full 0):
 garbage-first heap   total 75776K, used 44081K [0x0000000080000000, 0x0000000100000000)
  region size 1024K, 24 young (24576K), 5 survivors (5120K)
 Metaspace       used 35274K, committed 36096K, reserved 1114112K
  class space    used 4726K, committed 5120K, reserved 1048576K
}
Event: 3.369 GC heap after
{Heap after GC invocations=8 (full 0):
 garbage-first heap   total 75776K, used 26411K [0x0000000080000000, 0x0000000100000000)
  region size 1024K, 4 young (4096K), 4 survivors (4096K)
 Metaspace       used 35274K, committed 36096K, reserved 1114112K
  class space    used 4726K, committed 5120K, reserved 1048576K
}
Event: 3.798 GC heap before
{Heap before GC invocations=9 (full 0):
 garbage-first heap   total 75776K, used 64299K [0x0000000080000000, 0x0000000100000000)
  region size 1024K, 41 young (41984K), 4 survivors (4096K)
 Metaspace       used 40417K, committed 41536K, reserved 1114112K
  class space    used 5541K, committed 6080K, reserved 1048576K
}
Event: 3.802 GC heap after
{Heap after GC invocations=10 (full 0):
 garbage-first heap   total 75776K, used 28671K [0x0000000080000000, 0x0000000100000000)
  region size 1024K, 4 young (4096K), 4 survivors (4096K)
 Metaspace       used 40417K, committed 41536K, reserved 1114112K
  class space    used 5541K, committed 6080K, reserved 1048576K
}
Event: 4.160 GC heap before
{Heap before GC invocations=10 (full 0):
 garbage-first heap   total 75776K, used 64511K [0x0000000080000000, 0x0000000100000000)
  region size 1024K, 40 young (40960K), 4 survivors (4096K)
 Metaspace       used 45535K, committed 46784K, reserved 1114112K
  class space    used 6048K, committed 6656K, reserved 1048576K
}
Event: 4.166 GC heap after
{Heap after GC invocations=11 (full 0):
 garbage-first heap   total 91136K, used 33126K [0x0000000080000000, 0x0000000100000000)
  region size 1024K, 5 young (5120K), 5 survivors (5120K)
 Metaspace       used 45535K, committed 46784K, reserved 1114112K
  class space    used 6048K, committed 6656K, reserved 1048576K
}
Event: 4.699 GC heap before
{Heap before GC invocations=11 (full 0):
 garbage-first heap   total 91136K, used 77158K [0x0000000080000000, 0x0000000100000000)
  region size 1024K, 49 young (50176K), 5 survivors (5120K)
 Metaspace       used 48598K, committed 49984K, reserved 1114112K
  class space    used 6554K, committed 7232K, reserved 1048576K
}
Event: 4.703 GC heap after
{Heap after GC invocations=12 (full 0):
 garbage-first heap   total 91136K, used 36148K [0x0000000080000000, 0x0000000100000000)
  region size 1024K, 6 young (6144K), 6 survivors (6144K)
 Metaspace       used 48598K, committed 49984K, reserved 1114112K
  class space    used 6554K, committed 7232K, reserved 1048576K
}

