# JRE version: OpenJDK Runtime Environment (21.0.4) (build 21.0.4+-12508038-b607.1)
# Java VM: OpenJDK 64-Bit Server VM (21.0.4+-12508038-b607.1, mixed mode, tiered, compressed oops, compressed class ptrs, g1 gc, windows-amd64)
GC Precious Log:
 CardTable entry size: 512
 Card Set container configuration: InlinePtr #cards 5 size 8 Array Of Cards #cards 12 size 40 Howl #buckets 4 coarsen threshold 1843 Howl Bitmap #cards 512 size 80 coarsen threshold 460 Card regions per heap region 1 cards per card region 2048
 CPUs: 8 total, 8 available
 Memory: 16064M
 Large Page Support: Disabled
 NUMA Support: Disabled
 Compressed Oops: Enabled (32-bit)
 Heap Region Size: 1M
 Heap Min Capacity: 8M
 Heap Initial Capacity: 252M
 Heap Max Capacity: 2G
 Pre-touch: Disabled
 Parallel Workers: 8
 Concurrent Workers: 2
 Concurrent Refinement Workers: 8
 Periodic GC: Disabled
Heap:
 garbage-first heap   total 240640K, used 177634K [0x0000000080000000, 0x0000000100000000)
  region size 1024K, 40 young (40960K), 5 survivors (5120K)
 Metaspace       used 111486K, committed 113664K, reserved 1179648K
  class space    used 15083K, committed 16192K, reserved 1048576K
GC Heap History (20 events):
Event: 8.434 GC heap before
{Heap before GC invocations=25 (full 0):
 garbage-first heap   total 126976K, used 106865K [0x0000000080000000, 0x0000000100000000)
  region size 1024K, 38 young (38912K), 4 survivors (4096K)
 Metaspace       used 88949K, committed 90816K, reserved 1179648K
  class space    used 11934K, committed 12864K, reserved 1048576K
}
Event: 8.439 GC heap after
{Heap after GC invocations=26 (full 0):
 garbage-first heap   total 152576K, used 75284K [0x0000000080000000, 0x0000000100000000)
  region size 1024K, 5 young (5120K), 5 survivors (5120K)
 Metaspace       used 88949K, committed 90816K, reserved 1179648K
  class space    used 11934K, committed 12864K, reserved 1048576K
}
Event: 8.939 GC heap before
{Heap before GC invocations=27 (full 0):
 garbage-first heap   total 152576K, used 127508K [0x0000000080000000, 0x0000000100000000)
  region size 1024K, 55 young (56320K), 5 survivors (5120K)
 Metaspace       used 92917K, committed 94848K, reserved 1179648K
  class space    used 12592K, committed 13568K, reserved 1048576K
}
Event: 8.943 GC heap after
{Heap after GC invocations=28 (full 0):
 garbage-first heap   total 152576K, used 77607K [0x0000000080000000, 0x0000000100000000)
  region size 1024K, 6 young (6144K), 6 survivors (6144K)
 Metaspace       used 92917K, committed 94848K, reserved 1179648K
  class space    used 12592K, committed 13568K, reserved 1048576K
}
Event: 9.461 GC heap before
{Heap before GC invocations=28 (full 0):
 garbage-first heap   total 152576K, used 129831K [0x0000000080000000, 0x0000000100000000)
  region size 1024K, 57 young (58368K), 6 survivors (6144K)
 Metaspace       used 97325K, committed 99328K, reserved 1179648K
  class space    used 13272K, committed 14272K, reserved 1048576K
}
Event: 9.467 GC heap after
{Heap after GC invocations=29 (full 0):
 garbage-first heap   total 152576K, used 78799K [0x0000000080000000, 0x0000000100000000)
  region size 1024K, 5 young (5120K), 5 survivors (5120K)
 Metaspace       used 97325K, committed 99328K, reserved 1179648K
  class space    used 13272K, committed 14272K, reserved 1048576K
}
Event: 9.955 GC heap before
{Heap before GC invocations=29 (full 0):
 garbage-first heap   total 152576K, used 132047K [0x0000000080000000, 0x0000000100000000)
  region size 1024K, 57 young (58368K), 5 survivors (5120K)
 Metaspace       used 101400K, committed 103424K, reserved 1179648K
  class space    used 13890K, committed 14912K, reserved 1048576K
}
Event: 9.960 GC heap after
{Heap after GC invocations=30 (full 0):
 garbage-first heap   total 152576K, used 81978K [0x0000000080000000, 0x0000000100000000)
  region size 1024K, 6 young (6144K), 6 survivors (6144K)
 Metaspace       used 101400K, committed 103424K, reserved 1179648K
  class space    used 13890K, committed 14912K, reserved 1048576K
}
Event: 10.508 GC heap before
{Heap before GC invocations=31 (full 0):
 garbage-first heap   total 152576K, used 139322K [0x0000000080000000, 0x0000000100000000)
  region size 1024K, 58 young (59392K), 6 survivors (6144K)
 Metaspace       used 106782K, committed 108864K, reserved 1179648K
  class space    used 14611K, committed 15680K, reserved 1048576K
}
Event: 10.514 GC heap after
{Heap after GC invocations=32 (full 0):
 garbage-first heap   total 152576K, used 85670K [0x0000000080000000, 0x0000000100000000)
  region size 1024K, 7 young (7168K), 7 survivors (7168K)
 Metaspace       used 106782K, committed 108864K, reserved 1179648K
  class space    used 14611K, committed 15680K, reserved 1048576K
}
Event: 10.849 GC heap before
{Heap before GC invocations=32 (full 0):
 garbage-first heap   total 152576K, used 135846K [0x0000000080000000, 0x0000000100000000)
  region size 1024K, 57 young (58368K), 7 survivors (7168K)
 Metaspace       used 108008K, committed 110144K, reserved 1179648K
  class space    used 14769K, committed 15872K, reserved 1048576K
}
Event: 10.855 GC heap after
{Heap after GC invocations=33 (full 0):
 garbage-first heap   total 152576K, used 89206K [0x0000000080000000, 0x0000000100000000)
  region size 1024K, 8 young (8192K), 8 survivors (8192K)
 Metaspace       used 108008K, committed 110144K, reserved 1179648K
  class space    used 14769K, committed 15872K, reserved 1048576K
}
Event: 11.370 GC heap before
{Heap before GC invocations=33 (full 0):
 garbage-first heap   total 152576K, used 134262K [0x0000000080000000, 0x0000000100000000)
  region size 1024K, 53 young (54272K), 8 survivors (8192K)
 Metaspace       used 110159K, committed 112320K, reserved 1179648K
  class space    used 14981K, committed 16064K, reserved 1048576K
}
Event: 11.376 GC heap after
{Heap after GC invocations=34 (full 0):
 garbage-first heap   total 152576K, used 93652K [0x0000000080000000, 0x0000000100000000)
  region size 1024K, 6 young (6144K), 6 survivors (6144K)
 Metaspace       used 110159K, committed 112320K, reserved 1179648K
  class space    used 14981K, committed 16064K, reserved 1048576K
}
Event: 11.780 GC heap before
{Heap before GC invocations=35 (full 0):
 garbage-first heap   total 157696K, used 145876K [0x0000000080000000, 0x0000000100000000)
  region size 1024K, 48 young (49152K), 6 survivors (6144K)
 Metaspace       used 110316K, committed 112448K, reserved 1179648K
  class space    used 14988K, committed 16064K, reserved 1048576K
}
Event: 11.791 GC heap after
{Heap after GC invocations=36 (full 0):
 garbage-first heap   total 174080K, used 117009K [0x0000000080000000, 0x0000000100000000)
  region size 1024K, 6 young (6144K), 6 survivors (6144K)
 Metaspace       used 110316K, committed 112448K, reserved 1179648K
  class space    used 14988K, committed 16064K, reserved 1048576K
}
Event: 12.189 GC heap before
{Heap before GC invocations=36 (full 0):
 garbage-first heap   total 174080K, used 155921K [0x0000000080000000, 0x0000000100000000)
  region size 1024K, 37 young (37888K), 6 survivors (6144K)
 Metaspace       used 110842K, committed 113024K, reserved 1179648K
  class space    used 15034K, committed 16128K, reserved 1048576K
}
Event: 12.196 GC heap after
{Heap after GC invocations=37 (full 0):
 garbage-first heap   total 174080K, used 120813K [0x0000000080000000, 0x0000000100000000)
  region size 1024K, 5 young (5120K), 5 survivors (5120K)
 Metaspace       used 110842K, committed 113024K, reserved 1179648K
  class space    used 15034K, committed 16128K, reserved 1048576K
}
Event: 12.448 GC heap before
{Heap before GC invocations=37 (full 0):
 garbage-first heap   total 174080K, used 145389K [0x0000000080000000, 0x0000000100000000)
  region size 1024K, 31 young (31744K), 5 survivors (5120K)
 Metaspace       used 110978K, committed 113152K, reserved 1179648K
  class space    used 15044K, committed 16128K, reserved 1048576K
}
Event: 12.455 GC heap after
{Heap after GC invocations=38 (full 0):
 garbage-first heap   total 208896K, used 128482K [0x0000000080000000, 0x0000000100000000)
  region size 1024K, 5 young (5120K), 5 survivors (5120K)
 Metaspace       used 110978K, committed 113152K, reserved 1179648K
  class space    used 15044K, committed 16128K, reserved 1048576K
}

